#
# There is insufficient memory for the Java Runtime Environment to continue.
# Native memory allocation (malloc) failed to allocate 161776 bytes for Chunk::new
# Possible reasons:
#   The system is out of physical RAM or swap space
#   In 32 bit mode, the process size limit was hit
# Possible solutions:
#   Reduce memory load on the system
#   Increase physical memory or swap space
#   Check if swap backing store is full
#   Use 64 bit Java on a 64 bit OS
#   Decrease Java heap size (-Xmx/-Xms)
#   Decrease number of Java threads
#   Decrease Java thread stack sizes (-Xss)
#   Set larger code cache with -XX:ReservedCodeCacheSize=
# This output file may be truncated or incomplete.
#
#  Out of Memory Error (allocation.cpp:390), pid=7048, tid=1092
#
# JRE version: Java(TM) SE Runtime Environment (8.0_51-b16) (build 1.8.0_51-b16)
# Java VM: Java HotSpot(TM) 64-Bit Server VM (25.51-b03 mixed mode windows-amd64 compressed oops)
# Failed to write core dump. Minidumps are not enabled by default on client versions of Windows
#

---------------  T H R E A D  ---------------

Current thread (0x0000000055268800):  JavaThread "C2 CompilerThread0" daemon [_thread_in_native, id=1092, stack(0x00000000568d0000,0x00000000569d0000)]

Stack: [0x00000000568d0000,0x00000000569d0000]
Native frames: (J=compiled Java code, j=interpreted, Vv=VM code, C=native code)
V  [jvm.dll+0x32b4ca]


Current CompileTask:
C2: 682879 11187       4       org.gradle.internal.component.model.DefaultDependencyMetaData::getExcludeRules (23 bytes)


---------------  P R O C E S S  ---------------

Java Threads: ( => current thread )
  0x000000005e2d7000 JavaThread "Stdin handler" [_thread_blocked, id=7004, stack(0x0000000065b60000,0x0000000065c60000)]
  0x000000005e2d5000 JavaThread "Asynchronous log dispatcher for org.gradle.launcher.daemon.server.DefaultDaemonConnection@365fdb03" [_thread_blocked, id=6716, stack(0x000000005f3f0000,0x000000005f4f0000)]
  0x000000005e2d6800 JavaThread "Daemon worker Thread 2" [_thread_in_Java, id=5304, stack(0x0000000059200000,0x0000000059300000)]
  0x000000005e2d3800 JavaThread "Cancel handler" [_thread_blocked, id=5496, stack(0x000000005c610000,0x000000005c710000)]
  0x000000005e2d2800 JavaThread "Handler for socket connection from /127.0.0.1:58073 to /127.0.0.1:58705" [_thread_in_native, id=6920, stack(0x0000000059510000,0x0000000059610000)]
  0x000000005e2d2000 JavaThread "Daemon Thread 2" [_thread_blocked, id=6728, stack(0x0000000059300000,0x0000000059400000)]
  0x000000005b638000 JavaThread "stdout" daemon [_thread_in_native, id=6076, stack(0x0000000069860000,0x0000000069960000)]
  0x000000005c38e000 JavaThread "stderr" daemon [_thread_in_native, id=5152, stack(0x0000000069600000,0x0000000069700000)]
  0x000000005c38d000 JavaThread "stdout" daemon [_thread_in_native, id=6312, stack(0x00000000693c0000,0x00000000694c0000)]
  0x000000005c38c800 JavaThread "stderr" daemon [_thread_in_native, id=3892, stack(0x0000000068ad0000,0x0000000068bd0000)]
  0x000000005c38b800 JavaThread "stdout" daemon [_thread_in_native, id=5320, stack(0x0000000068e70000,0x0000000068f70000)]
  0x000000005c38b000 JavaThread "stderr" daemon [_thread_in_native, id=3800, stack(0x00000000692c0000,0x00000000693c0000)]
  0x000000005c38a000 JavaThread "stdout" daemon [_thread_in_native, id=4820, stack(0x0000000069110000,0x0000000069210000)]
  0x000000005c389800 JavaThread "stderr" daemon [_thread_in_native, id=6868, stack(0x0000000068fa0000,0x00000000690a0000)]
  0x000000005c388800 JavaThread "stdout" daemon [_thread_in_native, id=2804, stack(0x0000000068d30000,0x0000000068e30000)]
  0x000000005c387800 JavaThread "stderr" daemon [_thread_in_native, id=5680, stack(0x0000000068bd0000,0x0000000068cd0000)]
  0x000000005c387000 JavaThread "stdout" daemon [_thread_in_native, id=2488, stack(0x0000000068810000,0x0000000068910000)]
  0x000000005e42b000 JavaThread "stderr" daemon [_thread_in_native, id=2320, stack(0x0000000068990000,0x0000000068a90000)]
  0x000000005e42a800 JavaThread "stdout" daemon [_thread_in_native, id=2836, stack(0x00000000686e0000,0x00000000687e0000)]
  0x000000005e429800 JavaThread "stderr" daemon [_thread_in_native, id=3280, stack(0x00000000685d0000,0x00000000686d0000)]
  0x000000005e429000 JavaThread "stdout" daemon [_thread_in_native, id=5476, stack(0x0000000068410000,0x0000000068510000)]
  0x000000005e428000 JavaThread "stderr" daemon [_thread_in_native, id=3500, stack(0x0000000067f50000,0x0000000068050000)]
  0x000000005e427800 JavaThread "stdout" daemon [_thread_in_native, id=5504, stack(0x0000000068220000,0x0000000068320000)]
  0x000000005e426800 JavaThread "stderr" daemon [_thread_in_native, id=6484, stack(0x0000000068060000,0x0000000068160000)]
  0x000000005e426000 JavaThread "stdout" daemon [_thread_in_native, id=6536, stack(0x0000000067d80000,0x0000000067e80000)]
  0x000000005e425000 JavaThread "stderr" daemon [_thread_in_native, id=4208, stack(0x0000000065960000,0x0000000065a60000)]
  0x000000005e424000 JavaThread "png-cruncher_20" daemon [_thread_blocked, id=6508, stack(0x0000000067af0000,0x0000000067bf0000)]
  0x000000005aa6b800 JavaThread "png-cruncher_19" daemon [_thread_blocked, id=3276, stack(0x0000000067bf0000,0x0000000067cf0000)]
  0x000000005aa6b000 JavaThread "png-cruncher_18" daemon [_thread_blocked, id=4020, stack(0x00000000670a0000,0x00000000671a0000)]
  0x000000005aa6a000 JavaThread "png-cruncher_17" daemon [_thread_blocked, id=6932, stack(0x00000000679f0000,0x0000000067af0000)]
  0x000000005aa69800 JavaThread "png-cruncher_16" daemon [_thread_blocked, id=6700, stack(0x0000000067800000,0x0000000067900000)]
  0x000000005aa68800 JavaThread "png-cruncher_15" daemon [_thread_blocked, id=2260, stack(0x0000000067700000,0x0000000067800000)]
  0x000000005aa68000 JavaThread "png-cruncher_14" daemon [_thread_blocked, id=4648, stack(0x00000000675a0000,0x00000000676a0000)]
  0x000000005aa67000 JavaThread "png-cruncher_13" daemon [_thread_blocked, id=2960, stack(0x00000000673d0000,0x00000000674d0000)]
  0x000000005aa66800 JavaThread "png-cruncher_12" daemon [_thread_blocked, id=4728, stack(0x00000000671e0000,0x00000000672e0000)]
  0x000000005aa65800 JavaThread "png-cruncher_11" daemon [_thread_blocked, id=6436, stack(0x0000000065830000,0x0000000065930000)]
  0x000000005aa65000 JavaThread "stdout" daemon [_thread_in_native, id=7096, stack(0x0000000066d60000,0x0000000066e60000)]
  0x000000005efd3800 JavaThread "stderr" daemon [_thread_in_native, id=6404, stack(0x0000000066bc0000,0x0000000066cc0000)]
  0x000000005efd2800 JavaThread "stdout" daemon [_thread_in_native, id=3792, stack(0x0000000066140000,0x0000000066240000)]
  0x000000005efd2000 JavaThread "stderr" daemon [_thread_in_native, id=3672, stack(0x0000000066a40000,0x0000000066b40000)]
  0x000000005efd1000 JavaThread "stdout" daemon [_thread_in_native, id=6612, stack(0x0000000066890000,0x0000000066990000)]
  0x000000005efd0800 JavaThread "stderr" daemon [_thread_in_native, id=5060, stack(0x0000000066740000,0x0000000066840000)]
  0x000000005efcf800 JavaThread "stdout" daemon [_thread_in_native, id=3380, stack(0x00000000665a0000,0x00000000666a0000)]
  0x000000005efcf000 JavaThread "stderr" daemon [_thread_in_native, id=1396, stack(0x00000000663b0000,0x00000000664b0000)]
  0x000000005efce000 JavaThread "stdout" daemon [_thread_in_native, id=4696, stack(0x0000000066240000,0x0000000066340000)]
  0x000000005efcd800 JavaThread "stderr" daemon [_thread_in_native, id=6812, stack(0x0000000065ee0000,0x0000000065fe0000)]
  0x000000005efcc800 JavaThread "png-cruncher_10" daemon [_thread_blocked, id=5332, stack(0x0000000065fe0000,0x00000000660e0000)]
  0x00000000585f1000 JavaThread "png-cruncher_9" daemon [_thread_blocked, id=1564, stack(0x000000005d9f0000,0x000000005daf0000)]
  0x00000000585f0000 JavaThread "png-cruncher_8" daemon [_thread_blocked, id=6580, stack(0x0000000065db0000,0x0000000065eb0000)]
  0x00000000585ef800 JavaThread "png-cruncher_7" daemon [_thread_blocked, id=4000, stack(0x0000000065c60000,0x0000000065d60000)]
  0x000000005e2d1000 JavaThread "png-cruncher_6" daemon [_thread_blocked, id=6884, stack(0x0000000065a60000,0x0000000065b60000)]
  0x00000000585ee000 JavaThread "stdout" daemon [_thread_in_native, id=3144, stack(0x0000000063170000,0x0000000063270000)]
  0x00000000585ed000 JavaThread "stderr" daemon [_thread_in_native, id=6888, stack(0x0000000064420000,0x0000000064520000)]
  0x00000000585ec800 JavaThread "stdout" daemon [_thread_in_native, id=1000, stack(0x00000000656a0000,0x00000000657a0000)]
  0x00000000585eb800 JavaThread "stderr" daemon [_thread_in_native, id=4216, stack(0x0000000064520000,0x0000000064620000)]
  0x00000000585eb000 JavaThread "stdout" daemon [_thread_in_native, id=2904, stack(0x00000000596e0000,0x00000000597e0000)]
  0x00000000585ea000 JavaThread "stdout" daemon [_thread_in_native, id=3652, stack(0x00000000642c0000,0x00000000643c0000)]
  0x000000005ef93800 JavaThread "stdout" daemon [_thread_in_native, id=4852, stack(0x0000000062ed0000,0x0000000062fd0000)]
  0x000000005ef92800 JavaThread "stderr" daemon [_thread_in_native, id=4776, stack(0x0000000058da0000,0x0000000058ea0000)]
  0x000000005ef92000 JavaThread "stderr" daemon [_thread_in_native, id=5272, stack(0x0000000063020000,0x0000000063120000)]
  0x000000005ef91000 JavaThread "stderr" daemon [_thread_in_native, id=7052, stack(0x0000000062b90000,0x0000000062c90000)]
  0x000000005ef90800 JavaThread "png-cruncher_5" daemon [_thread_blocked, id=7036, stack(0x0000000062dd0000,0x0000000062ed0000)]
  0x000000005ef8f800 JavaThread "png-cruncher_4" daemon [_thread_blocked, id=3360, stack(0x0000000062cc0000,0x0000000062dc0000)]
  0x000000005ef8f000 JavaThread "png-cruncher_3" daemon [_thread_blocked, id=6696, stack(0x0000000062a80000,0x0000000062b80000)]
  0x000000005ef8e000 JavaThread "png-cruncher_2" daemon [_thread_blocked, id=3756, stack(0x0000000061c00000,0x0000000061d00000)]
  0x000000005ef8d800 JavaThread "png-cruncher_1" daemon [_thread_blocked, id=524, stack(0x0000000059950000,0x0000000059a50000)]
  0x0000000056afc000 JavaThread "File lock request listener" [_thread_in_native, id=6796, stack(0x000000005a0f0000,0x000000005a1f0000)]
  0x0000000057683000 JavaThread "Incoming local TCP Connector on port 58073" [_thread_in_native, id=3808, stack(0x0000000058eb0000,0x0000000058fb0000)]
  0x0000000057ef4000 JavaThread "pool-1-thread-1" [_thread_blocked, id=2676, stack(0x0000000057a80000,0x0000000057b80000)]
  0x0000000056a44000 JavaThread "Service Thread" daemon [_thread_blocked, id=6444, stack(0x0000000056fc0000,0x00000000570c0000)]
  0x0000000056a40800 JavaThread "C1 CompilerThread2" daemon [_thread_blocked, id=7084, stack(0x00000000567a0000,0x00000000568a0000)]
  0x000000005526b000 JavaThread "C2 CompilerThread1" daemon [_thread_blocked, id=2788, stack(0x0000000056e10000,0x0000000056f10000)]
=>0x0000000055268800 JavaThread "C2 CompilerThread0" daemon [_thread_in_native, id=1092, stack(0x00000000568d0000,0x00000000569d0000)]
  0x0000000055264000 JavaThread "Attach Listener" daemon [_thread_blocked, id=4520, stack(0x0000000056640000,0x0000000056740000)]
  0x0000000055263000 JavaThread "Signal Dispatcher" daemon [_thread_blocked, id=2536, stack(0x0000000056050000,0x0000000056150000)]
  0x0000000055208000 JavaThread "Finalizer" daemon [_thread_blocked, id=5088, stack(0x0000000056520000,0x0000000056620000)]
  0x0000000055201000 JavaThread "Reference Handler" daemon [_thread_blocked, id=3400, stack(0x0000000056300000,0x0000000056400000)]
  0x000000000048e000 JavaThread "main" [_thread_blocked, id=6156, stack(0x00000000022c0000,0x00000000023c0000)]

Other Threads:
  0x00000000551fb800 VMThread [stack: 0x0000000056190000,0x0000000056290000] [id=6820]
  0x0000000056a46800 WatcherThread [stack: 0x0000000057160000,0x0000000057260000] [id=2724]

VM state:not at safepoint (normal execution)

VM Mutex/Monitor currently owned by a thread: None

Heap:
 PSYoungGen      total 311808K, used 36349K [0x00000000eab00000, 0x0000000100000000, 0x0000000100000000)
  eden space 287744K, 12% used [0x00000000eab00000,0x00000000ece7f408,0x00000000fc400000)
  from space 24064K, 0% used [0x00000000fe880000,0x00000000fe880000,0x0000000100000000)
  to   space 30720K, 0% used [0x00000000fc400000,0x00000000fc400000,0x00000000fe200000)
 ParOldGen       total 84992K, used 49978K [0x00000000c0000000, 0x00000000c5300000, 0x00000000eab00000)
  object space 84992K, 58% used [0x00000000c0000000,0x00000000c30ceba0,0x00000000c5300000)
 Metaspace       used 61160K, capacity 63338K, committed 63616K, reserved 1103872K
  class space    used 8197K, capacity 8717K, committed 8832K, reserved 1048576K

Card table byte_map: [0x0000000011b10000,0x0000000011d20000] byte_map_base: 0x0000000011510000

Marking Bits: (ParMarkBitMap*) 0x0000000062574040
 Begin Bits: [0x0000000012670000, 0x0000000013670000)
 End Bits:   [0x0000000013670000, 0x0000000014670000)

Polling page: 0x0000000000470000

CodeCache: size=245760Kb used=31427Kb max_used=32257Kb free=214333Kb
 bounds [0x0000000002750000, 0x0000000004700000, 0x0000000011750000]
 total_blobs=9897 nmethods=9160 adapters=649
 compilation: enabled

Compilation events (10 events):
Event: 681.677 Thread 0x0000000056a40800 nmethod 11185 0x00000000043ac450 code [0x00000000043ac600, 0x00000000043acbe8]
Event: 681.703 Thread 0x000000005526b000 nmethod 11179 0x0000000002e4b010 code [0x0000000002e4b200, 0x0000000002e4ba00]
Event: 681.703 Thread 0x000000005526b000 11186       4       java.math.MutableBigInteger::divide (38 bytes)
Event: 681.724 Thread 0x0000000055268800 nmethod 11165 0x0000000002f20990 code [0x0000000002f20c40, 0x0000000002f23a90]
Event: 681.736 Thread 0x000000005526b000 nmethod 11186 0x00000000044478d0 code [0x0000000004447ac0, 0x0000000004448300]
Event: 681.752 Thread 0x0000000055268800 11187       4       org.gradle.internal.component.model.DefaultDependencyMetaData::getExcludeRules (23 bytes)
Event: 681.752 Thread 0x000000005526b000 11188       4       org.apache.ivy.core.module.descriptor.DefaultDependencyDescriptor::getExcludeRules (61 bytes)
Event: 681.821 Thread 0x000000005526b000 nmethod 11188 0x0000000004450510 code [0x0000000004450720, 0x0000000004451318]
Event: 681.843 Thread 0x0000000056a40800 11189       3       org.gradle.api.internal.artifacts.ivyservice.ivyresolve.parser.IvyXmlModuleDescriptorParser$Parser::replaceConfigurationWildcards (44 bytes)
Event: 681.844 Thread 0x0000000056a40800 nmethod 11189 0x00000000029f0510 code [0x00000000029f06e0, 0x00000000029f0ef8]

GC Heap History (10 events):
Event: 110.484 GC heap before
{Heap before GC invocations=13 (full 3):
 PSYoungGen      total 324096K, used 15381K [0x00000000eab00000, 0x0000000100000000, 0x0000000100000000)
  eden space 301056K, 0% used [0x00000000eab00000,0x00000000eab00000,0x00000000fd100000)
  from space 23040K, 66% used [0x00000000fe980000,0x00000000ff885430,0x0000000100000000)
  to   space 24064K, 0% used [0x00000000fd100000,0x00000000fd100000,0x00000000fe880000)
 ParOldGen       total 47616K, used 40662K [0x00000000c0000000, 0x00000000c2e80000, 0x00000000eab00000)
  object space 47616K, 85% used [0x00000000c0000000,0x00000000c27b5b10,0x00000000c2e80000)
 Metaspace       used 54673K, capacity 56626K, committed 56704K, reserved 1097728K
  class space    used 7544K, capacity 8026K, committed 8064K, reserved 1048576K
Event: 113.565 GC heap after
Heap after GC invocations=13 (full 3):
 PSYoungGen      total 324096K, used 0K [0x00000000eab00000, 0x0000000100000000, 0x0000000100000000)
  eden space 301056K, 0% used [0x00000000eab00000,0x00000000eab00000,0x00000000fd100000)
  from space 23040K, 0% used [0x00000000fe980000,0x00000000fe980000,0x0000000100000000)
  to   space 24064K, 0% used [0x00000000fd100000,0x00000000fd100000,0x00000000fe880000)
 ParOldGen       total 47616K, used 42642K [0x00000000c0000000, 0x00000000c2e80000, 0x00000000eab00000)
  object space 47616K, 89% used [0x00000000c0000000,0x00000000c29a4af8,0x00000000c2e80000)
 Metaspace       used 54673K, capacity 56626K, committed 56704K, reserved 1097728K
  class space    used 7544K, capacity 8026K, committed 8064K, reserved 1048576K
}
Event: 326.511 GC heap before
{Heap before GC invocations=14 (full 4):
 PSYoungGen      total 324096K, used 301056K [0x00000000eab00000, 0x0000000100000000, 0x0000000100000000)
  eden space 301056K, 100% used [0x00000000eab00000,0x00000000fd100000,0x00000000fd100000)
  from space 23040K, 0% used [0x00000000fe980000,0x00000000fe980000,0x0000000100000000)
  to   space 24064K, 0% used [0x00000000fd100000,0x00000000fd100000,0x00000000fe880000)
 ParOldGen       total 47616K, used 42642K [0x00000000c0000000, 0x00000000c2e80000, 0x00000000eab00000)
  object space 47616K, 89% used [0x00000000c0000000,0x00000000c29a4af8,0x00000000c2e80000)
 Metaspace       used 58140K, capacity 60214K, committed 60416K, reserved 1101824K
  class space    used 7897K, capacity 8414K, committed 8448K, reserved 1048576K
Event: 327.803 GC heap after
Heap after GC invocations=14 (full 4):
 PSYoungGen      total 324096K, used 7198K [0x00000000eab00000, 0x0000000100000000, 0x0000000100000000)
  eden space 301056K, 2% used [0x00000000eab00000,0x00000000eb207b40,0x00000000fd100000)
  from space 23040K, 0% used [0x00000000fe980000,0x00000000fe980000,0x0000000100000000)
  to   space 24064K, 0% used [0x00000000fd100000,0x00000000fd100000,0x00000000fe880000)
 ParOldGen       total 84992K, used 47615K [0x00000000c0000000, 0x00000000c5300000, 0x00000000eab00000)
  object space 84992K, 56% used [0x00000000c0000000,0x00000000c2e7fdd8,0x00000000c5300000)
 Metaspace       used 58140K, capacity 60214K, committed 60416K, reserved 1101824K
  class space    used 7897K, capacity 8414K, committed 8448K, reserved 1048576K
}
Event: 430.910 GC heap before
{Heap before GC invocations=15 (full 4):
 PSYoungGen      total 324096K, used 301056K [0x00000000eab00000, 0x0000000100000000, 0x0000000100000000)
  eden space 301056K, 100% used [0x00000000eab00000,0x00000000fd100000,0x00000000fd100000)
  from space 23040K, 0% used [0x00000000fe980000,0x00000000fe980000,0x0000000100000000)
  to   space 24064K, 0% used [0x00000000fd100000,0x00000000fd100000,0x00000000fe880000)
 ParOldGen       total 84992K, used 47615K [0x00000000c0000000, 0x00000000c5300000, 0x00000000eab00000)
  object space 84992K, 56% used [0x00000000c0000000,0x00000000c2e7fdd8,0x00000000c5300000)
 Metaspace       used 59740K, capacity 61798K, committed 62080K, reserved 1103872K
  class space    used 8018K, capacity 8550K, committed 8576K, reserved 1048576K
Event: 431.074 GC heap after
Heap after GC invocations=15 (full 4):
 PSYoungGen      total 325120K, used 24061K [0x00000000eab00000, 0x0000000100000000, 0x0000000100000000)
  eden space 301056K, 0% used [0x00000000eab00000,0x00000000eab00000,0x00000000fd100000)
  from space 24064K, 99% used [0x00000000fd100000,0x00000000fe87f548,0x00000000fe880000)
  to   space 24064K, 0% used [0x00000000fe880000,0x00000000fe880000,0x0000000100000000)
 ParOldGen       total 84992K, used 56106K [0x00000000c0000000, 0x00000000c5300000, 0x00000000eab00000)
  object space 84992K, 66% used [0x00000000c0000000,0x00000000c36ca848,0x00000000c5300000)
 Metaspace       used 59740K, capacity 61798K, committed 62080K, reserved 1103872K
  class space    used 8018K, capacity 8550K, committed 8576K, reserved 1048576K
}
Event: 569.327 GC heap before
{Heap before GC invocations=16 (full 4):
 PSYoungGen      total 325120K, used 229028K [0x00000000eab00000, 0x0000000100000000, 0x0000000100000000)
  eden space 301056K, 68% used [0x00000000eab00000,0x00000000f7329c70,0x00000000fd100000)
  from space 24064K, 99% used [0x00000000fd100000,0x00000000fe87f548,0x00000000fe880000)
  to   space 24064K, 0% used [0x00000000fe880000,0x00000000fe880000,0x0000000100000000)
 ParOldGen       total 84992K, used 56106K [0x00000000c0000000, 0x00000000c5300000, 0x00000000eab00000)
  object space 84992K, 66% used [0x00000000c0000000,0x00000000c36ca848,0x00000000c5300000)
 Metaspace       used 61060K, capacity 63226K, committed 63360K, reserved 1103872K
  class space    used 8188K, capacity 8706K, committed 8832K, reserved 1048576K
Event: 569.404 GC heap after
Heap after GC invocations=16 (full 4):
 PSYoungGen      total 311808K, used 3308K [0x00000000eab00000, 0x0000000100000000, 0x0000000100000000)
  eden space 287744K, 0% used [0x00000000eab00000,0x00000000eab00000,0x00000000fc400000)
  from space 24064K, 13% used [0x00000000fe880000,0x00000000febbb350,0x0000000100000000)
  to   space 30720K, 0% used [0x00000000fc400000,0x00000000fc400000,0x00000000fe200000)
 ParOldGen       total 84992K, used 70492K [0x00000000c0000000, 0x00000000c5300000, 0x00000000eab00000)
  object space 84992K, 82% used [0x00000000c0000000,0x00000000c44d7330,0x00000000c5300000)
 Metaspace       used 61060K, capacity 63226K, committed 63360K, reserved 1103872K
  class space    used 8188K, capacity 8706K, committed 8832K, reserved 1048576K
}
Event: 569.404 GC heap before
{Heap before GC invocations=17 (full 5):
 PSYoungGen      total 311808K, used 3308K [0x00000000eab00000, 0x0000000100000000, 0x0000000100000000)
  eden space 287744K, 0% used [0x00000000eab00000,0x00000000eab00000,0x00000000fc400000)
  from space 24064K, 13% used [0x00000000fe880000,0x00000000febbb350,0x0000000100000000)
  to   space 30720K, 0% used [0x00000000fc400000,0x00000000fc400000,0x00000000fe200000)
 ParOldGen       total 84992K, used 70492K [0x00000000c0000000, 0x00000000c5300000, 0x00000000eab00000)
  object space 84992K, 82% used [0x00000000c0000000,0x00000000c44d7330,0x00000000c5300000)
 Metaspace       used 61060K, capacity 63226K, committed 63360K, reserved 1103872K
  class space    used 8188K, capacity 8706K, committed 8832K, reserved 1048576K
Event: 570.353 GC heap after
Heap after GC invocations=17 (full 5):
 PSYoungGen      total 311808K, used 0K [0x00000000eab00000, 0x0000000100000000, 0x0000000100000000)
  eden space 287744K, 0% used [0x00000000eab00000,0x00000000eab00000,0x00000000fc400000)
  from space 24064K, 0% used [0x00000000fe880000,0x00000000fe880000,0x0000000100000000)
  to   space 30720K, 0% used [0x00000000fc400000,0x00000000fc400000,0x00000000fe200000)
 ParOldGen       total 84992K, used 49978K [0x00000000c0000000, 0x00000000c5300000, 0x00000000eab00000)
  object space 84992K, 58% used [0x00000000c0000000,0x00000000c30ceba0,0x00000000c5300000)
 Metaspace       used 61059K, capacity 63220K, committed 63360K, reserved 1103872K
  class space    used 8188K, capacity 8705K, committed 8832K, reserved 1048576K
}

Deoptimization events (10 events):
Event: 680.103 Thread 0x000000005e2d6800 Uncommon trap: reason=class_check action=maybe_recompile pc=0x0000000003763044 method=com.google.common.cache.LocalCache$Segment.setValue(Lcom/google/common/cache/LocalCache$ReferenceEntry;Ljava/lang/Object;Ljava/lang/Object;J)V @ 1
Event: 680.103 Thread 0x000000005e2d6800 Uncommon trap: reason=class_check action=maybe_recompile pc=0x0000000003295368 method=com.google.common.cache.LocalCache$Segment.recordWrite(Lcom/google/common/cache/LocalCache$ReferenceEntry;IJ)V @ 53
Event: 680.104 Thread 0x000000005e2d6800 Uncommon trap: reason=unstable_if action=reinterpret pc=0x0000000002e0407c method=com.google.common.cache.LocalCache$Segment.evictEntries()V @ 7
Event: 680.118 Thread 0x000000005e2d6800 Uncommon trap: reason=class_check action=maybe_recompile pc=0x0000000003763044 method=com.google.common.cache.LocalCache$Segment.setValue(Lcom/google/common/cache/LocalCache$ReferenceEntry;Ljava/lang/Object;Ljava/lang/Object;J)V @ 1
Event: 680.118 Thread 0x000000005e2d6800 Uncommon trap: reason=class_check action=maybe_recompile pc=0x0000000003295368 method=com.google.common.cache.LocalCache$Segment.recordWrite(Lcom/google/common/cache/LocalCache$ReferenceEntry;IJ)V @ 53
Event: 680.127 Thread 0x000000005e2d6800 Uncommon trap: reason=class_check action=maybe_recompile pc=0x0000000003763044 method=com.google.common.cache.LocalCache$Segment.setValue(Lcom/google/common/cache/LocalCache$ReferenceEntry;Ljava/lang/Object;Ljava/lang/Object;J)V @ 1
Event: 680.127 Thread 0x000000005e2d6800 Uncommon trap: reason=class_check action=maybe_recompile pc=0x0000000003295368 method=com.google.common.cache.LocalCache$Segment.recordWrite(Lcom/google/common/cache/LocalCache$ReferenceEntry;IJ)V @ 53
Event: 680.129 Thread 0x000000005e2d6800 Uncommon trap: reason=class_check action=maybe_recompile pc=0x0000000003763044 method=com.google.common.cache.LocalCache$Segment.setValue(Lcom/google/common/cache/LocalCache$ReferenceEntry;Ljava/lang/Object;Ljava/lang/Object;J)V @ 1
Event: 680.129 Thread 0x000000005e2d6800 Uncommon trap: reason=class_check action=maybe_recompile pc=0x0000000003295368 method=com.google.common.cache.LocalCache$Segment.recordWrite(Lcom/google/common/cache/LocalCache$ReferenceEntry;IJ)V @ 53
Event: 680.418 Thread 0x000000005e2d6800 Uncommon trap: reason=unstable_if action=reinterpret pc=0x0000000004452594 method=java.lang.Long.stringSize(J)I @ 11

Internal exceptions (10 events):
Event: 450.433 Thread 0x000000005817d000 Implicit null exception at 0x00000000044ff317 to 0x00000000044fd8d5
Event: 450.433 Thread 0x000000005817d000 Implicit null exception at 0x00000000044ff317 to 0x00000000044fd8d5
Event: 450.472 Thread 0x000000005817d000 Implicit null exception at 0x00000000044ff317 to 0x00000000044fd8d5
Event: 565.984 Thread 0x000000005817d000 Implicit null exception at 0x00000000040e8583 to 0x00000000040e9391
Event: 680.077 Thread 0x000000005e2d6800 Exception <a 'java/lang/ClassNotFoundException': settings_e4hl7ghhpjm8s6tsgwr8q5bfwBeanInfo> (0x00000000eb5bce78) thrown at [C:\re\workspace\8-2-build-windows-amd64-cygwin\jdk8u51\3951\hotspot\src\share\vm\classfile\systemDictionary.cpp, line 210]
Event: 680.078 Thread 0x000000005e2d6800 Exception <a 'java/lang/ClassNotFoundException': settings_e4hl7ghhpjm8s6tsgwr8q5bfwCustomizer> (0x00000000eb5c5e60) thrown at [C:\re\workspace\8-2-build-windows-amd64-cygwin\jdk8u51\3951\hotspot\src\share\vm\classfile\systemDictionary.cpp, line 210]
Event: 680.113 Thread 0x000000005e2d6800 Exception <a 'java/lang/ClassNotFoundException': org/jetbrains/plugins/gradle/tooling/internal/ExtraModelBuilderBeanInfo> (0x00000000eb63a748) thrown at [C:\re\workspace\8-2-build-windows-amd64-cygwin\jdk8u51\3951\hotspot\src\share\vm\classfile\systemDicti0†ÔﬂÈ@Ö@
Event: 680.114 Thread 0x000000005e2d6800 Exception <a 'java/lang/ClassNotFoundException': org/jetbrains/plugins/gradle/tooling/internal/ExtraModelBuilderCustomizer> (0x00000000eb647338) thrown at [C:\re\workspace\8-2-build-windows-amd64-cygwin\jdk8u51\3951\hotspot\src\share\vm\classfile\systemDic®<cıûAÖ@
Event: 680.203 Thread 0x000000005e2d6800 Exception <a 'java/lang/ClassNotFoundException': build_bfle4fnrhanecg5mlqhm8zxl8BeanInfo> (0x00000000eb706c98) thrown at [C:\re\workspace\8-2-build-windows-amd64-cygwin\jdk8u51\3951\hotspot\src\share\vm\classfile\systemDictionary.cpp, line 210]
Event: 680.204 Thread 0x000000005e2d6800 Exception <a 'java/lang/ClassNotFoundException': build_bfle4fnrhanecg5mlqhm8zxl8Customizer> (0x00000000eb70f6c8) thrown at [C:\re\workspace\8-2-build-windows-amd64-cygwin\jdk8u51\3951\hotspot\src\share\vm\classfile\systemDictionary.cpp, line 210]

Events (10 events):
Event: 680.519 Executing VM operation: RevokeBias done
Event: 680.519 Executing VM operation: RevokeBias
Event: 680.520 Executing VM operation: RevokeBias done
Event: 680.520 Executing VM operation: RevokeBias
Event: 680.520 Executing VM operation: RevokeBias done
Event: 680.617 Executing VM operation: RevokeBias
Event: 680.618 Executing VM operation: RevokeBias done
Event: 680.618 Executing VM operation: RevokeBias
Event: 680.618 Executing VM operation: RevokeBias done
Event: 680.758 Thread 0x0000000056a40800 flushing nmethod 0x00000000041368d0


Dynamic libraries:
0x000000013f5d0000 - 0x000000013f607000 	C:\Program Files\Java\jdk1.8.0_51\bin\java.exe
0x0000000077420000 - 0x00000000775cb000 	C:\Windows\SYSTEM32\ntdll.dll
0x0000000077300000 - 0x000000007741f000 	C:\Windows\system32\kernel32.dll
0x000007fefd5c0000 - 0x000007fefd62b000 	C:\Windows\system32\KERNELBASE.dll
0x000007fefdcf0000 - 0x000007fefddcb000 	C:\Windows\system32\ADVAPI32.dll
0x000007fefef80000 - 0x000007feff01f000 	C:\Windows\system32\msvcrt.dll
0x000007fefd9e0000 - 0x000007fefd9ff000 	C:\Windows\SYSTEM32\sechost.dll
0x000007feff070000 - 0x000007feff19e000 	C:\Windows\system32\RPCRT4.dll
0x0000000077200000 - 0x00000000772fa000 	C:\Windows\system32\USER32.dll
0x000007fefd7f0000 - 0x000007fefd857000 	C:\Windows\system32\GDI32.dll
0x000007fefef40000 - 0x000007fefef4e000 	C:\Windows\system32\LPK.dll
0x000007fefee70000 - 0x000007fefef3a000 	C:\Windows\system32\USP10.dll
0x000007fefba50000 - 0x000007fefbc44000 	C:\Windows\WinSxS\amd64_microsoft.windows.common-controls_6595b64144ccf1df_6.0.7600.16385_none_fa645303170382f6\COMCTL32.dll
0x000007fefddd0000 - 0x000007fefde41000 	C:\Windows\system32\SHLWAPI.dll
0x000007fefef50000 - 0x000007fefef7e000 	C:\Windows\system32\IMM32.DLL
0x000007feff620000 - 0x000007feff729000 	C:\Windows\system32\MSCTF.dll
0x000007fefb570000 - 0x000007fefb599000 	c:\program files (x86)\net protector 2014\Zvfort64.dll
0x000000006e950000 - 0x000000006e9ed000 	C:\Windows\WinSxS\amd64_microsoft.vc90.crt_1fc8b3b9a1e18e3b_9.0.30729.4926_none_08e1a05ba83fe554\MSVCR90.dll
0x0000000062600000 - 0x00000000626d2000 	C:\Program Files\Java\jdk1.8.0_51\jre\bin\msvcr100.dll
0x0000000061d70000 - 0x00000000625f3000 	C:\Program Files\Java\jdk1.8.0_51\jre\bin\server\jvm.dll
0x000007fef21e0000 - 0x000007fef21e9000 	C:\Windows\system32\WSOCK32.dll
0x000007fefd860000 - 0x000007fefd8ad000 	C:\Windows\system32\WS2_32.dll
0x000007fefda20000 - 0x000007fefda28000 	C:\Windows\system32\NSI.dll
0x000007fef9e20000 - 0x000007fef9e5b000 	C:\Windows\system32\WINMM.dll
0x000007fefc4f0000 - 0x000007fefc4fc000 	C:\Windows\system32\VERSION.dll
0x00000000775f0000 - 0x00000000775f7000 	C:\Windows\system32\PSAPI.DLL
0x000000006fb00000 - 0x000000006fb0f000 	C:\Program Files\Java\jdk1.8.0_51\jre\bin\verify.dll
0x0000000062790000 - 0x00000000627b9000 	C:\Program Files\Java\jdk1.8.0_51\jre\bin\java.dll
0x000000006df70000 - 0x000000006df86000 	C:\Program Files\Java\jdk1.8.0_51\jre\bin\zip.dll
0x000007fefde50000 - 0x000007fefebd6000 	C:\Windows\system32\SHELL32.dll
0x000007fefec60000 - 0x000007fefee61000 	C:\Windows\system32\ole32.dll
0x000007fefd380000 - 0x000007fefd38f000 	C:\Windows\system32\profapi.dll
0x000000006e890000 - 0x000000006e8aa000 	C:\Program Files\Java\jdk1.8.0_51\jre\bin\net.dll
0x000007fefcbb0000 - 0x000007fefcc04000 	C:\Windows\system32\mswsock.dll
0x000007fefcba0000 - 0x000007fefcba7000 	C:\Windows\System32\wship6.dll
0x000000006df50000 - 0x000000006df61000 	C:\Program Files\Java\jdk1.8.0_51\jre\bin\nio.dll
0x000007fef9270000 - 0x000007fef9282000 	C:\Users\7\.gradle\native\19\windows-amd64\native-platform.dll
0x000007fefcc10000 - 0x000007fefcc27000 	C:\Windows\system32\CRYPTSP.dll
0x000007fefc910000 - 0x000007fefc957000 	C:\Windows\system32\rsaenh.dll
0x000007fefc6c0000 - 0x000007fefc6de000 	C:\Windows\system32\USERENV.dll
0x000007fefd270000 - 0x000007fefd27f000 	C:\Windows\system32\CRYPTBASE.dll
0x000007fefaba0000 - 0x000007fefabc7000 	C:\Windows\system32\IPHLPAPI.DLL
0x000007fefab20000 - 0x000007fefab2b000 	C:\Windows\system32\WINNSI.DLL
0x000007fefaaa0000 - 0x000007fefaab8000 	C:\Windows\system32\dhcpcsvc.DLL
0x000007fefa6e0000 - 0x000007fefa6f1000 	C:\Windows\system32\dhcpcsvc6.DLL
0x000000006ff10000 - 0x000000006ff1d000 	C:\Program Files\Java\jdk1.8.0_51\jre\bin\management.dll
0x000007fefd210000 - 0x000007fefd267000 	C:\Windows\system32\apphelp.dll

VM Arguments:
jvm_args: -Xmx1024m -Dfile.encoding=windows-1252 -Duser.country=US -Duser.language=en -Duser.variant 
java_command: org.gradle.launcher.daemon.bootstrap.GradleDaemon 2.14.1
java_class_path (initial): C:\Program Files\Android\Android Studio\gradle\gradle-2.14.1\lib\gradle-launcher-2.14.1.jar
Launcher Type: SUN_STANDARD

Environment Variables:
JAVA_HOME=C:\Program Files\Java\jdk1.8.0_51
PATH=C:\ProgramData\Oracle\Java\javapath;C:\oracle\product\10.2.0\db_1\bin;C:\Windows\system32;C:\Windows;C:\Windows\System32\Wbem;C:\Windows\System32\WindowsPowerShell\v1.0\;C:\Program Files (x86)\Common Files\lenovo\easyplussdk\bin;C:\Program Files\Java\jdk1.8.0_51\bin;;F:\SOFTWARE\apache-tomcat-7.0.37-windows-x64\apache-tomcat-7.0.37\bin;C:\Program Files\Microsoft\Web Platform Installer\
USERNAME=7
OS=Windows_NT
PROCESSOR_IDENTIFIER=Intel64 Family 6 Model 58 Stepping 9, GenuineIntel



---------------  S Y S T E M  ---------------

OS: Windows 7 , 64 bit Build 7600 (6.1.7600.16385)

CPU:total 4 (2 cores per cpu, 2 threads per core) family 6 model 58 stepping 9, cmov, cx8, fxsr, mmx, sse, sse2, sse3, ssse3, sse4.1, sse4.2, popcnt, aes, clmul, erms, ht, tsc, tscinvbit, tscinv

Memory: 4k page, physical 4066668k(131340k free), swap 4750960k(2620k free)

vm_info: Java HotSpot(TM) 64-Bit Server VM (25.51-b03) for windows-amd64 JRE (1.8.0_51-b16), built on Jun  8 2015 18:03:07 by "java_re" with MS VC++ 10.0 (VS2010)

time: Fri Apr 07 18:12:40 2017
elapsed time: 682 seconds (0d 0h 11m 22s)

